Determining if the pthread_create exist failed with the following output:
Change Dir: /home/vincenzo/MEGA/Programmazione/Programmazione/parsingBlockchain/cmake-build-debug/CMakeFiles/CMakeTmp

Run Build Command:"/usr/bin/make" "cmTC_bc420/fast"
/usr/bin/make -f CMakeFiles/cmTC_bc420.dir/build.make CMakeFiles/cmTC_bc420.dir/build
make[1]: Entering directory '/home/vincenzo/MEGA/Programmazione/Programmazione/parsingBlockchain/cmake-build-debug/CMakeFiles/CMakeTmp'
Building C object CMakeFiles/cmTC_bc420.dir/CheckSymbolExists.c.o
/usr/bin/cc    -o CMakeFiles/cmTC_bc420.dir/CheckSymbolExists.c.o   -c /home/vincenzo/MEGA/Programmazione/Programmazione/parsingBlockchain/cmake-build-debug/CMakeFiles/CMakeTmp/CheckSymbolExists.c
Linking C executable cmTC_bc420
/home/vincenzo/clion-2018.3.3/bin/cmake/linux/bin/cmake -E cmake_link_script CMakeFiles/cmTC_bc420.dir/link.txt --verbose=1
/usr/bin/cc      -rdynamic CMakeFiles/cmTC_bc420.dir/CheckSymbolExists.c.o  -o cmTC_bc420 
CMakeFiles/cmTC_bc420.dir/CheckSymbolExists.c.o: In function `main':
CheckSymbolExists.c:(.text+0x1b): undefined reference to `pthread_create'
collect2: error: ld returned 1 exit status
CMakeFiles/cmTC_bc420.dir/build.make:86: recipe for target 'cmTC_bc420' failed
make[1]: *** [cmTC_bc420] Error 1
make[1]: Leaving directory '/home/vincenzo/MEGA/Programmazione/Programmazione/parsingBlockchain/cmake-build-debug/CMakeFiles/CMakeTmp'
Makefile:121: recipe for target 'cmTC_bc420/fast' failed
make: *** [cmTC_bc420/fast] Error 2

File /home/vincenzo/MEGA/Programmazione/Programmazione/parsingBlockchain/cmake-build-debug/CMakeFiles/CMakeTmp/CheckSymbolExists.c:
/* */
#include <pthread.h>

int main(int argc, char** argv)
{
  (void)argv;
#ifndef pthread_create
  return ((int*)(&pthread_create))[argc];
#else
  (void)argc;
  return 0;
#endif
}

Determining if the function pthread_create exists in the pthreads failed with the following output:
Change Dir: /home/vincenzo/MEGA/Programmazione/Programmazione/parsingBlockchain/cmake-build-debug/CMakeFiles/CMakeTmp

Run Build Command:"/usr/bin/make" "cmTC_48da1/fast"
/usr/bin/make -f CMakeFiles/cmTC_48da1.dir/build.make CMakeFiles/cmTC_48da1.dir/build
make[1]: Entering directory '/home/vincenzo/MEGA/Programmazione/Programmazione/parsingBlockchain/cmake-build-debug/CMakeFiles/CMakeTmp'
Building C object CMakeFiles/cmTC_48da1.dir/CheckFunctionExists.c.o
/usr/bin/cc   -DCHECK_FUNCTION_EXISTS=pthread_create   -o CMakeFiles/cmTC_48da1.dir/CheckFunctionExists.c.o   -c /home/vincenzo/clion-2018.3.3/bin/cmake/linux/share/cmake-3.13/Modules/CheckFunctionExists.c
Linking C executable cmTC_48da1
/home/vincenzo/clion-2018.3.3/bin/cmake/linux/bin/cmake -E cmake_link_script CMakeFiles/cmTC_48da1.dir/link.txt --verbose=1
/usr/bin/cc  -DCHECK_FUNCTION_EXISTS=pthread_create    -rdynamic CMakeFiles/cmTC_48da1.dir/CheckFunctionExists.c.o  -o cmTC_48da1 -lpthreads 
/usr/bin/ld: cannot find -lpthreads
collect2: error: ld returned 1 exit status
CMakeFiles/cmTC_48da1.dir/build.make:86: recipe for target 'cmTC_48da1' failed
make[1]: *** [cmTC_48da1] Error 1
make[1]: Leaving directory '/home/vincenzo/MEGA/Programmazione/Programmazione/parsingBlockchain/cmake-build-debug/CMakeFiles/CMakeTmp'
Makefile:121: recipe for target 'cmTC_48da1/fast' failed
make: *** [cmTC_48da1/fast] Error 2


